# JRE version: Java(TM) SE Runtime Environment (8.0_172-b11) (build 1.8.0_172-b11)
# Java VM: Java HotSpot(TM) 64-Bit Server VM (25.172-b11 mixed mode windows-amd64 compressed oops)
Heap:
 PSYoungGen      total 258048K, used 20314K [0x000000076dd00000, 0x0000000782980000, 0x00000007c0000000)
  eden space 245248K, 3% used [0x000000076dd00000,0x000000076e45b610,0x000000077cc80000)
  from space 12800K, 99% used [0x000000077cc80000,0x000000077d8fb480,0x000000077d900000)
  to   space 16384K, 0% used [0x0000000781980000,0x0000000781980000,0x0000000782980000)
 ParOldGen       total 173056K, used 20098K [0x00000006c9600000, 0x00000006d3f00000, 0x000000076dd00000)
  object space 173056K, 11% used [0x00000006c9600000,0x00000006ca9a0bd8,0x00000006d3f00000)
 Metaspace       used 49016K, capacity 51296K, committed 51456K, reserved 1093632K
  class space    used 6192K, capacity 6600K, committed 6656K, reserved 1048576K
GC Heap History (10 events):
Event: 6.918 GC heap before
{Heap before GC invocations=9 (full 2):
 PSYoungGen      total 155136K, used 142336K [0x000000076dd00000, 0x0000000778280000, 0x00000007c0000000)
  eden space 142336K, 100% used [0x000000076dd00000,0x0000000776800000,0x0000000776800000)
  from space 12800K, 0% used [0x0000000777400000,0x0000000777400000,0x0000000778080000)
  to   space 12288K, 0% used [0x0000000776800000,0x0000000776800000,0x0000000777400000)
 ParOldGen       total 173056K, used 13939K [0x00000006c9600000, 0x00000006d3f00000, 0x000000076dd00000)
  object space 173056K, 8% used [0x00000006c9600000,0x00000006ca39cde0,0x00000006d3f00000)
 Metaspace       used 40623K, capacity 42526K, committed 42624K, reserved 1085440K
  class space    used 5360K, capacity 5709K, committed 5760K, reserved 1048576K
Event: 6.924 GC heap after
Heap after GC invocations=9 (full 2):
 PSYoungGen      total 154624K, used 9194K [0x000000076dd00000, 0x000000077b600000, 0x00000007c0000000)
  eden space 142336K, 0% used [0x000000076dd00000,0x000000076dd00000,0x0000000776800000)
  from space 12288K, 74% used [0x0000000776800000,0x00000007770faac0,0x0000000777400000)
  to   space 12288K, 0% used [0x000000077aa00000,0x000000077aa00000,0x000000077b600000)
 ParOldGen       total 173056K, used 13947K [0x00000006c9600000, 0x00000006d3f00000, 0x000000076dd00000)
  object space 173056K, 8% used [0x00000006c9600000,0x00000006ca39ede0,0x00000006d3f00000)
 Metaspace       used 40623K, capacity 42526K, committed 42624K, reserved 1085440K
  class space    used 5360K, capacity 5709K, committed 5760K, reserved 1048576K
}
Event: 7.714 GC heap before
{Heap before GC invocations=10 (full 2):
 PSYoungGen      total 154624K, used 151530K [0x000000076dd00000, 0x000000077b600000, 0x00000007c0000000)
  eden space 142336K, 100% used [0x000000076dd00000,0x0000000776800000,0x0000000776800000)
  from space 12288K, 74% used [0x0000000776800000,0x00000007770faac0,0x0000000777400000)
  to   space 12288K, 0% used [0x000000077aa00000,0x000000077aa00000,0x000000077b600000)
 ParOldGen       total 173056K, used 13947K [0x00000006c9600000, 0x00000006d3f00000, 0x000000076dd00000)
  object space 173056K, 8% used [0x00000006c9600000,0x00000006ca39ede0,0x00000006d3f00000)
 Metaspace       used 43796K, capacity 45876K, committed 46208K, reserved 1089536K
  class space    used 5774K, capacity 6172K, committed 6272K, reserved 1048576K
Event: 7.720 GC heap after
Heap after GC invocations=10 (full 2):
 PSYoungGen      total 206848K, used 7588K [0x000000076dd00000, 0x000000077b400000, 0x00000007c0000000)
  eden space 196608K, 0% used [0x000000076dd00000,0x000000076dd00000,0x0000000779d00000)
  from space 10240K, 74% used [0x000000077aa00000,0x000000077b169028,0x000000077b400000)
  to   space 11776K, 0% used [0x0000000779d00000,0x0000000779d00000,0x000000077a880000)
 ParOldGen       total 173056K, used 13955K [0x00000006c9600000, 0x00000006d3f00000, 0x000000076dd00000)
  object space 173056K, 8% used [0x00000006c9600000,0x00000006ca3a0de0,0x00000006d3f00000)
 Metaspace       used 43796K, capacity 45876K, committed 46208K, reserved 1089536K
  class space    used 5774K, capacity 6172K, committed 6272K, reserved 1048576K
}
Event: 8.233 GC heap before
{Heap before GC invocations=11 (full 2):
 PSYoungGen      total 206848K, used 204196K [0x000000076dd00000, 0x000000077b400000, 0x00000007c0000000)
  eden space 196608K, 100% used [0x000000076dd00000,0x0000000779d00000,0x0000000779d00000)
  from space 10240K, 74% used [0x000000077aa00000,0x000000077b169028,0x000000077b400000)
  to   space 11776K, 0% used [0x0000000779d00000,0x0000000779d00000,0x000000077a880000)
 ParOldGen       total 173056K, used 13955K [0x00000006c9600000, 0x00000006d3f00000, 0x000000076dd00000)
  object space 173056K, 8% used [0x00000006c9600000,0x00000006ca3a0de0,0x00000006d3f00000)
 Metaspace       used 43877K, capacity 45954K, committed 46208K, reserved 1089536K
  class space    used 5777K, capacity 6173K, committed 6272K, reserved 1048576K
Event: 8.240 GC heap after
Heap after GC invocations=11 (full 2):
 PSYoungGen      total 208384K, used 9105K [0x000000076dd00000, 0x000000077e500000, 0x00000007c0000000)
  eden space 196608K, 0% used [0x000000076dd00000,0x000000076dd00000,0x0000000779d00000)
  from space 11776K, 77% used [0x0000000779d00000,0x000000077a5e4440,0x000000077a880000)
  to   space 12288K, 0% used [0x000000077d900000,0x000000077d900000,0x000000077e500000)
 ParOldGen       total 173056K, used 13963K [0x00000006c9600000, 0x00000006d3f00000, 0x000000076dd00000)
  object space 173056K, 8% used [0x00000006c9600000,0x00000006ca3a2de0,0x00000006d3f00000)
 Metaspace       used 43877K, capacity 45954K, committed 46208K, reserved 1089536K
  class space    used 5777K, capacity 6173K, committed 6272K, reserved 1048576K
}
Event: 8.657 GC heap before
{Heap before GC invocations=12 (full 2):
 PSYoungGen      total 208384K, used 205713K [0x000000076dd00000, 0x000000077e500000, 0x00000007c0000000)
  eden space 196608K, 100% used [0x000000076dd00000,0x0000000779d00000,0x0000000779d00000)
  from space 11776K, 77% used [0x0000000779d00000,0x000000077a5e4440,0x000000077a880000)
  to   space 12288K, 0% used [0x000000077d900000,0x000000077d900000,0x000000077e500000)
 ParOldGen       total 173056K, used 13963K [0x00000006c9600000, 0x00000006d3f00000, 0x000000076dd00000)
  object space 173056K, 8% used [0x00000006c9600000,0x00000006ca3a2de0,0x00000006d3f00000)
 Metaspace       used 44013K, capacity 46092K, committed 46208K, reserved 1089536K
  class space    used 5779K, capacity 6174K, committed 6272K, reserved 1048576K
Event: 8.664 GC heap after
Heap after GC invocations=12 (full 2):
 PSYoungGen      total 257536K, used 11665K [0x000000076dd00000, 0x000000077eb80000, 0x00000007c0000000)
  eden space 245248K, 0% used [0x000000076dd00000,0x000000076dd00000,0x000000077cc80000)
  from space 12288K, 94% used [0x000000077d900000,0x000000077e464450,0x000000077e500000)
  to   space 12800K, 0% used [0x000000077cc80000,0x000000077cc80000,0x000000077d900000)
 ParOldGen       total 173056K, used 13971K [0x00000006c9600000, 0x00000006d3f00000, 0x000000076dd00000)
  object space 173056K, 8% used [0x00000006c9600000,0x00000006ca3a4de0,0x00000006d3f00000)
 Metaspace       used 44013K, capacity 46092K, committed 46208K, reserved 1089536K
  class space    used 5779K, capacity 6174K, committed 6272K, reserved 1048576K
}
Event: 10.665 GC heap before
{Heap before GC invocations=13 (full 2):
 PSYoungGen      total 257536K, used 256913K [0x000000076dd00000, 0x000000077eb80000, 0x00000007c0000000)
  eden space 245248K, 100% used [0x000000076dd00000,0x000000077cc80000,0x000000077cc80000)
  from space 12288K, 94% used [0x000000077d900000,0x000000077e464450,0x000000077e500000)
  to   space 12800K, 0% used [0x000000077cc80000,0x000000077cc80000,0x000000077d900000)
 ParOldGen       total 173056K, used 13971K [0x00000006c9600000, 0x00000006d3f00000, 0x000000076dd00000)
  object space 173056K, 8% used [0x00000006c9600000,0x00000006ca3a4de0,0x00000006d3f00000)
 Metaspace       used 48635K, capacity 50896K, committed 51200K, reserved 1093632K
  class space    used 6143K, capacity 6560K, committed 6656K, reserved 1048576K
Event: 10.674 GC heap after
Heap after GC invocations=13 (full 2):
 PSYoungGen      total 258048K, used 12781K [0x000000076dd00000, 0x0000000782980000, 0x00000007c0000000)
  eden space 245248K, 0% used [0x000000076dd00000,0x000000076dd00000,0x000000077cc80000)
  from space 12800K, 99% used [0x000000077cc80000,0x000000077d8fb480,0x000000077d900000)
  to   space 16384K, 0% used [0x0000000781980000,0x0000000781980000,0x0000000782980000)
 ParOldGen       total 173056K, used 20098K [0x00000006c9600000, 0x00000006d3f00000, 0x000000076dd00000)
  object space 173056K, 11% used [0x00000006c9600000,0x00000006ca9a0bd8,0x00000006d3f00000)
 Metaspace       used 48635K, capacity 50896K, committed 51200K, reserved 1093632K
  class space    used 6143K, capacity 6560K, committed 6656K, reserved 1048576K
}

